dealt,starter,beginner_discard,medium_discard,beginner_crib,medium_crib,beginner_hand,beginner_score,medium_hand,medium_score,dealer_is_self
"4h,4c,qc,5d,8h,6d","kh","qc,8h","8h,qc","qc,8h,ah,2d","8h,qc,ah,2d","4h,4c,5d,6d",14,"4h,4c,5d,6d",14,True
"3h,10s,6s,ac,8d,as","9h","3h,10s","3h,10s","3h,10s,2c,7s","3h,10s,2c,7s","6s,ac,8d,as",10,"6s,ac,8d,as",10,True
"3d,10c,6s,kd,6d,4c","4d","kd,4c","10c,kd","kd,4c,2h,3c","10c,kd,2h,3c","3d,10c,6s,6d",-6,"3d,6s,6d,4c",-1,False
"8s,8d,as,10h,js,9s","9c","as,js","as,js","as,js,jh,4h","as,js,jh,4h","8s,8d,10h,9s",22,"8s,8d,10h,9s",22,True
"10c,7s,qh,10d,3s,5h","qc","7s,3s","3s,7s","7s,3s,jc,10h","3s,7s,jc,10h","10c,qh,10d,5h",8,"10c,qh,10d,5h",8,False
"10h,5h,7h,9c,10s,2h","4d","9c,2h","9c,10s","9c,2h,4s,3d","9c,10s,4s,3d","10h,5h,7h,10s",18,"10h,5h,7h,2h",8,True
"9h,8c,2d,9d,3c,8h","2s","2d,3c","3c,9h","2d,3c,kh,7h","3c,9h,kh,7h","9h,8c,9d,8h",-2,"8c,2d,9d,8h",2,False
"5h,jc,ks,6c,jh,5s","9d","ks,6c","6c,ks","ks,6c,2d,6h","6c,ks,2d,6h","5h,jc,jh,5s",18,"5h,jc,jh,5s",18,True
"10h,qs,4h,ks,7d,3c","7c","7d,3c","10h,ks","7d,3c,jd,4s","10h,ks,jd,4s","10h,qs,4h,ks",-2,"qs,4h,7d,3c",2,False
"4d,5s,ks,7d,7h,qh","8c","7d,7h","7d,7h","7d,7h,qs,6h","7d,7h,qs,6h","4d,5s,ks,qh",16,"4d,5s,ks,qh",16,True
"jh,6d,8h,ad,3c,10c","qh","3c,10c","3c,10c","3c,10c,9h,7s","3c,10c,9h,7s","jh,6d,8h,ad",3,"jh,6d,8h,ad",3,False
"2h,kd,jd,ah,9c,8c","5s","9c,8c","8c,9c","9c,8c,2s,9s","8c,9c,2s,9s","2h,kd,jd,ah",8,"2h,kd,jd,ah",8,True
"10d,9c,6c,3h,7c,jh","8h","3h,7c","3h,7c","3h,7c,as,10s","3h,7c,as,10s","10d,9c,6c,jh",5,"10d,9c,6c,jh",5,False
"8s,9h,5d,7c,7s,3s","2d","5d,3s","3s,5d","5d,3s,7d,jc","3s,5d,7d,jc","8s,9h,7c,7s",18,"8s,9h,7c,7s",18,True
"3d,kd,6c,6s,ac,2h","jc","ac,2h","ac,kd","ac,2h,10s,5h","ac,kd,10s,5h","3d,kd,6c,6s",0,"3d,6c,6s,2h",0,False
"4h,6s,7s,jh,kh,10c","ad","kh,10c","6s,7s","kh,10c,js,10s","6s,7s,js,10s","4h,6s,7s,jh",4,"4h,jh,kh,10c",6,True
"8d,6d,2d,7c,2h,10h","ks","2h,10h","2d,10h","2h,10h,3c,8c","2d,10h,3c,8c","8d,6d,2d,7c",3,"8d,6d,7c,2h",3,False
"jc,10h,4d,3s,7c,qd","7s","3s,7c","3s,4d","3s,7c,6d,8h","3s,4d,6d,8h","jc,10h,4d,qd",15,"jc,10h,7c,qd",12,True
"3s,kd,6d,qs,4d,9c","2d","qs,4d","qs,kd","qs,4d,2s,ks","qs,kd,2s,ks","3s,kd,6d,9c",2,"3s,6d,4d,9c",5,False
"7d,4d,5s,3d,qh,jc","jh","qh,jc","jc,qh","qh,jc,6c,10h","jc,qh,6c,10h","7d,4d,5s,3d",15,"7d,4d,5s,3d",15,True
"6s,qc,2s,2c,8d,9c","10s","qc,8d","8d,qc","qc,8d,7d,5c","8d,qc,7d,5c","6s,2s,2c,9c",-2,"6s,2s,2c,9c",-2,False
"ac,5h,6s,6d,7s,9c","3d","ac,9c","ac,9c","ac,9c,5s,10d","ac,9c,5s,10d","5h,6s,6d,7s",16,"5h,6s,6d,7s",16,True
"4d,2c,7h,3s,6s,4h","3c","7h,6s","6s,7h","7h,6s,qc,8d","6s,7h,qc,8d","4d,2c,3s,4h",11,"4d,2c,3s,4h",11,False
"9h,ad,8d,3s,jd,ks","kc","jd,ks","8d,9h","jd,ks,qs,8h","8d,9h,qs,8h","9h,ad,8d,3s",8,"ad,3s,jd,ks",4,True
"js,5s,as,6h,5c,7d","6d","js,as","as,js","js,as,qc,8d","as,js,qc,8d","5s,6h,5c,7d",14,"5s,6h,5c,7d",14,False
"8s,qs,3h,qd,10s,7d","ks","3h,10s","7d,8s","3h,10s,jh,7c","7d,8s,jh,7c","8s,qs,qd,7d",4,"qs,3h,qd,10s",8,True
"5s,3d,7s,7c,qd,10c","4c","qd,10c","10c,qd","qd,10c,jc,8d","10c,qd,jc,8d","5s,3d,7s,7c",5,"5s,3d,7s,7c",5,False
"2h,9d,7c,3h,2s,2d","9s","7c,3h","7c,9d","7c,3h,10h,5h","7c,9d,10h,5h","2h,9d,2s,2d",16,"2h,3h,2s,2d",12,True
"7s,6d,10h,9c,ad,ks","qh","ad,ks","10h,ks","ad,ks,2h,10d","10h,ks,2h,10d","7s,6d,10h,9c",2,"7s,6d,9c,ad",0,False
"kh,2s,kc,5c,ks,6d","4h","2s,6d","2s,6d","2s,6d,5s,3d","2s,6d,5s,3d","kh,kc,5c,ks",21,"kh,kc,5c,ks",21,True
"qh,qc,4c,6h,2h,10h","3c","qc,4c","4c,qc","qc,4c,8d,ac","4c,qc,8d,ac","qh,6h,2h,10h",4,"qh,6h,2h,10h",4,False
"7h,3s,10s,kd,7c,5s","10c","10s,kd","7c,7h","10s,kd,4s,9c","7c,7h,4s,9c","7h,3s,7c,5s",10,"3s,10s,kd,5s",10,True
"6c,2c,4d,3h,3c,9s","jd","2c,4d","6c,9s","2c,4d,kh,6h","6c,9s,kh,6h","6c,3h,3c,9s",6,"2c,4d,3h,3c",6,False
"8c,5s,9s,6h,8d,10c","5d","5s,6h","5s,6h","5s,6h,4c,3c","5s,6h,4c,3c","8c,9s,8d,10c",24,"8c,9s,8d,10c",24,True
"6c,8h,2h,7c,3h,jd","4h","3h,jd","3h,jd","3h,jd,qs,9h","3h,jd,qs,9h","6c,8h,2h,7c",7,"6c,8h,2h,7c",7,False
"6d,qc,kd,ac,jh,7c","ah","ac,7c","6d,7c","ac,7c,8d,2s","6d,7c,8d,2s","6d,qc,kd,jh",8,"qc,kd,ac,jh",15,True
"5s,qd,7h,2s,7d,5d","10d","2s,7d","2s,7h","2s,7d,2d,jd","2s,7h,2d,jd","5s,qd,7h,5d",7,"5s,qd,7d,5d",7,False
"3h,6d,9h,8h,ad,ac","qh","3h,9h","3h,9h","3h,9h,10s,3s","3h,9h,10s,3s","6d,8h,ad,ac",10,"6d,8h,ad,ac",10,True
"4c,ac,qd,9h,2s,3s","7d","ac,9h","9h,qd","ac,9h,8h,3d","9h,qd,8h,3d","4c,qd,2s,3s",0,"4c,ac,2s,3s",1,False
"ad,7c,ah,7s,qh,3h","as","qh,3h","3h,qh","qh,3h,2h,6d","3h,qh,2h,6d","ad,7c,ah,7s",19,"ad,7c,ah,7s",19,True
"9c,7c,ac,8d,2c,2d","3h","ac,2d","ac,2d","ac,2d,kh,6c","ac,2d,kh,6c","9c,7c,8d,2c",0,"9c,7c,8d,2c",0,False
"3s,qd,9d,7h,8h,ac","ks","qd,ac","ac,3s","qd,ac,7d,4d","ac,3s,7d,4d","3s,9d,7h,8h",9,"qd,9d,7h,8h",9,True
"ks,as,3h,6s,9h,ac","10d","ks,3h","3h,ks","ks,3h,jh,5h","3h,ks,jh,5h","as,6s,9h,ac",-2,"as,6s,9h,ac",-2,False
"5s,qh,4d,10h,9s,2c","4s","9s,2c","5s,qh","9s,2c,6h,9c","5s,qh,6h,9c","5s,qh,4d,10h",16,"4d,10h,9s,2c",15,True
"9h,3c,as,9c,3h,kh","jd","as,kh","as,kh","as,kh,2d,10h","as,kh,2d,10h","9h,3c,9c,3h",8,"9h,3c,9c,3h",8,False
"ac,qh,7d,6c,jh,as","8c","qh,jh","jh,qh","qh,jh,6h,7h","jh,qh,6h,7h","ac,7d,6c,as",18,"ac,7d,6c,as",18,True
"5c,7h,ac,4d,ks,kd","3h","ac,4d","ac,7h","ac,4d,5d,8d","ac,7h,5d,8d","5c,7h,ks,kd",3,"5c,4d,ks,kd",5,False
"10s,5c,6c,8s,9h,10d","7c","6c,9h","5c,6c","6c,9h,6s,9c","5c,6c,6s,9c","10s,5c,8s,10d",20,"10s,8s,9h,10d",24,True
"5s,9h,js,2s,4c,8h","3d","9h,4c","4c,9h","9h,4c,jh,kh","4c,9h,jh,kh","5s,js,2s,8h",6,"5s,js,2s,8h",6,False
"3c,2d,9c,kh,5d,ah","5s","kh,5d","5d,kh","kh,5d,9s,3d","5d,kh,9s,3d","3c,2d,9c,ah",13,"3c,2d,9c,ah",13,True
"6s,8s,2s,kh,5c,6c","kd","8s,2s","2s,8s","8s,2s,5h,10s","2s,8s,5h,10s","6s,kh,5c,6c",2,"6s,kh,5c,6c",2,False
"ks,10c,6d,9h,4c,3s","ad","4c,3s","3s,4c","4c,3s,4d,5c","3s,4c,4d,5c","ks,10c,6d,9h",10,"ks,10c,6d,9h",10,True
"6h,4d,9s,qs,6d,7c","qd","qs,7c","4d,qs","qs,7c,9h,2c","4d,qs,9h,2c","6h,4d,9s,6d",4,"6h,9s,6d,7c",2,False
"ad,jc,2c,3d,6s,7c","10d","6s,7c","6s,7c","6s,7c,9s,4h","6s,7c,9s,4h","ad,jc,2c,3d",9,"ad,jc,2c,3d",9,True
"qs,ac,3c,5s,ad,qh","8d","3c,ad","ad,3c","3c,ad,9d,10c","ad,3c,9d,10c","qs,ac,5s,qh",3,"qs,ac,5s,qh",3,False
"5d,8d,2c,8c,6h,10h","js","6h,10h","6h,10h","6h,10h,4c,7h","6h,10h,4c,7h","5d,8d,2c,8c",8,"5d,8d,2c,8c",8,True
"2h,10h,3d,7c,4c,5c","10d","7c,5c","7c,10h","7c,5c,ad,7s","7c,10h,ad,7s","2h,10h,3d,4c",3,"2h,3d,4c,5c",2,False
"8s,7s,3d,jh,5c,10d","6c","8s,7s","7s,8s","8s,7s,qd,7h","7s,8s,qd,7h","3d,jh,5c,10d",16,"3d,jh,5c,10d",16,True
"5s,6d,9h,3s,kd,4c","9c","3s,kd","9h,kd","3s,kd,qd,5d","9h,kd,qd,5d","5s,6d,9h,4c",7,"5s,6d,3s,4c",2,False
"qd,kd,5h,qc,6h,8c","5d","6h,8c","6h,8c","6h,8c,4h,7s","6h,8c,4h,7s","qd,kd,5h,qc",25,"qd,kd,5h,qc",25,True
"jd,ks,10c,5d,2s,kd","8s","10c,2s","2s,10c","10c,2s,8h,7c","2s,10c,8h,7c","jd,ks,5d,kd",2,"jd,ks,5d,kd",2,False
"ac,6s,10c,jh,kh,9d","5h","ac,kh","ac,kh","ac,kh,8c,ad","ac,kh,8c,ad","6s,10c,jh,9d",16,"6s,10c,jh,9d",16,True
"4s,10d,qd,10s,2s,7c","4d","2s,7c","7c,qd","2s,7c,10h,10c","7c,qd,10h,10c","4s,10d,qd,10s",2,"4s,10d,10s,2s",2,False
"jc,jh,10c,5c,4c,6d","9h","jc,jh","4c,6d","jc,jh,10h,8d","4c,6d,10h,8d","10c,5c,4c,6d",20,"jc,jh,10c,5c",20,True
"kd,6c,4s,ac,6s,5s","3d","kd,ac","ac,kd","kd,ac,5c,qc","ac,kd,5c,qc","6c,4s,6s,5s",12,"6c,4s,6s,5s",12,False
"8h,6c,3c,5s,qd,7h","jc","5s,qd","5s,qd","5s,qd,5d,4d","5s,qd,5d,4d","8h,6c,3c,7h",15,"8h,6c,3c,7h",15,True
"js,10d,ad,7c,qc,ac","5d","7c,ac","ad,7c","7c,ac,8d,9h","ad,7c,8d,9h","js,10d,ad,qc",2,"js,10d,qc,ac",2,False
"5s,10h,qs,ks,3c,7c","5h","3c,7c","3c,7c","3c,7c,9h,10d","3c,7c,9h,10d","5s,10h,qs,ks",18,"5s,10h,qs,ks",18,True
"10h,4d,4h,3d,7c,as","7s","3d,7c","3d,7c","3d,7c,7h,7d","3d,7c,7h,7d","10h,4d,4h,as",-4,"10h,4d,4h,as",-4,False
"10h,as,7s,jh,6d,9d","3h","as,7s","as,7s","as,7s,10s,8d","as,7s,10s,8d","10h,jh,6d,9d",8,"10h,jh,6d,9d",8,True
"3s,10h,5s,kc,6d,ks","8d","3s,6d","3s,6d","3s,6d,jc,6h","3s,6d,jc,6h","10h,5s,kc,ks",4,"10h,5s,kc,ks",4,False
"6c,ah,4s,5s,4h,9s","2d","ah,9s","ah,9s","ah,9s,as,8d","ah,9s,as,8d","6c,4s,5s,4h",16,"6c,4s,5s,4h",16,True
"7c,6c,qc,8d,10h,8h","6s","qc,10h","10h,qc","qc,10h,5h,jd","10h,qc,5h,jd","7c,6c,8d,8h",11,"7c,6c,8d,8h",11,False
"9d,9h,8d,jd,ac,6s","4h","jd,ac","ac,jd","jd,ac,jc,10c","ac,jd,jc,10c","9d,9h,8d,6s",14,"9d,9h,8d,6s",14,True
"jd,10h,4h,js,9h,7c","10c","4h,7c","4h,7c","4h,7c,9c,2d","4h,7c,9c,2d","jd,10h,js,9h",14,"jd,10h,js,9h",14,False
"4s,2c,5h,qd,10c,7h","qh","2c,7h","2c,4s","2c,7h,3h,8s","2c,4s,3h,8s","4s,5h,qd,10c",12,"5h,qd,10c,7h",15,True
"3h,qc,jc,kc,qd,5h","10c","3h,qd","3h,qc","3h,qd,4c,10s","3h,qc,4c,10s","qc,jc,kc,5h",11,"jc,kc,qd,5h",11,False
"qc,kd,6d,js,4h,8c","4c","4h,8c","6d,8c","4h,8c,3s,10h","6d,8c,3s,10h","qc,kd,6d,js",9,"qc,kd,js,4h",7,True
"as,8s,10h,jc,10d,6s","ad","jc,6s","as,8s","jc,6s,5d,8h","as,8s,5d,8h","as,8s,10h,10d",0,"10h,jc,10d,6s",-6,False
"7c,6d,kd,3h,3d,5d","9h","3h,3d","3d,3h","3h,3d,4h,kh","3d,3h,4h,kh","7c,6d,kd,5d",11,"7c,6d,kd,5d",11,True
"8h,ks,9c,4h,2s,8c","10c","4h,2s","8h,ks","4h,2s,5d,10h","8h,ks,5d,10h","8h,ks,9c,8c",2,"9c,4h,2s,8c",-3,False
"ad,5d,3h,jc,4c,9d","5h","ad,9d","ad,9d","ad,9d,qh,jh","ad,9d,qh,jh","5d,3h,jc,4c",19,"5d,3h,jc,4c",19,True
"7h,3h,7d,7c,5s,10s","js","7c,10s","7h,10s","7c,10s,8c,9c","7h,10s,8c,9c","7h,3h,7d,5s",1,"3h,7d,7c,5s",1,False
"qd,2h,5h,ad,4h,2c","6d","2h,2c","4h,5h","2h,2c,10h,js","4h,5h,10h,js","qd,5h,ad,4h",11,"qd,2h,ad,2c",13,True
"9d,3h,9c,7s,qd,10s","5h","qd,10s","7s,qd","qd,10s,6h,ad","7s,qd,6h,ad","9d,3h,9c,7s",0,"9d,3h,9c,10s",-1,False
"3c,4s,10s,qd,qc,7s","2s","qd,qc","3c,4s","qd,qc,10c,3s","3c,4s,10c,3s","3c,4s,10s,7s",13,"10s,qd,qc,7s",14,True
"ad,6h,3d,qd,7s,2s","jh","6h,7s","7s,qd","6h,7s,10s,4d","7s,qd,10s,4d","ad,3d,qd,2s",7,"ad,6h,3d,2s",2,False
"9c,8h,2c,5c,9d,3s","qd","9c,9d","2c,3s","9c,9d,10c,5s","2c,3s,10c,5s","8h,2c,5c,3s",12,"9c,8h,5c,9d",12,True
"9c,5c,jd,5d,10d,ac","jc","9c,ac","ac,9c","9c,ac,8s,8c","ac,9c,8s,8c","5c,jd,5d,10d",14,"5c,jd,5d,10d",14,False
"9c,8c,ah,6d,8h,jd","qh","9c,jd","9c,jd","9c,jd,3s,6c","9c,jd,3s,6c","8c,ah,6d,8h",8,"8c,ah,6d,8h",8,True
"8c,as,7d,8h,10c,jh","6d","10c,jh","as,10c","10c,jh,7h,ks","as,10c,7h,ks","8c,as,7d,8h",16,"8c,7d,8h,jh",12,False
"9d,js,7c,kc,kh,6s","10c","kc,kh","6s,7c","kc,kh,2d,7s","6s,7c,2d,7s","9d,js,7c,6s",7,"9d,js,kc,kh",11,True
"10c,3c,ac,5s,5h,3h","7h","ac,3h","ac,3h","ac,3h,4h,10s","ac,3h,4h,10s","10c,3c,5s,5h",6,"10c,3c,5s,5h",6,False
"3h,9c,2c,3c,5c,10c","2s","3h,3c","2c,3h","3h,3c,kd,jc","2c,3h,kd,jc","9c,2c,5c,10c",18,"9c,3c,5c,10c",18,True
"ah,10h,ac,5h,6d,8d","kd","6d,8d","6d,10h","6d,8d,8c,qs","6d,10h,8c,qs","ah,10h,ac,5h",4,"ah,ac,5h,8d",6,False
"qd,kd,2s,5c,4h,5h","6d","2s,4h","2s,4h","2s,4h,3s,8d","2s,4h,3s,8d","qd,kd,5c,5h",17,"qd,kd,5c,5h",17,True
"7c,2s,10c,jh,qc,6d","3d","2s,6d","2s,7c","2s,6d,8c,js","2s,7c,8c,js","7c,10c,jh,qc",1,"10c,jh,qc,6d",-1,False
"5c,9d,ah,8h,10c,qh","8s","ah,qh","5c,qh","ah,qh,6h,ad","5c,qh,6h,ad","5c,9d,8h,10c",16,"9d,ah,8h,10c",12,True
"8d,kd,qd,9d,qs,kc","10s","qs,kc","qs,kc","qs,kc,kh,9s","qs,kc,kh,9s","8d,kd,qd,9d",5,"8d,kd,qd,9d",5,False
"8c,3d,6d,8h,7d,qd","5c","3d,qd","3d,qd","3d,qd,kd,7h","3d,qd,kd,7h","8c,6d,8h,7d",20,"8c,6d,8h,7d",20,True
"qs,jh,2s,ah,4d,9s","kc","2s,9s","2s,9s","2s,9s,10c,5h","2s,9s,10c,5h","qs,jh,ah,4d",5,"qs,jh,ah,4d",5,False
"5d,2d,jd,10c,8d,ad","7h","10c,ad","ad,10c","10c,ad,kc,5s","ad,10c,kc,5s","5d,2d,jd,8d",14,"5d,2d,jd,8d",14,True
"4c,ah,10h,kh,jd,6d","10s","jd,6d","6d,kh","jd,6d,qs,8d","6d,kh,qs,8d","4c,ah,10h,kh",5,"4c,ah,10h,jd",8,False
"kc,7h,10c,5c,qs,7s","3h","7h,7s","7h,7s","7h,7s,qh,4h","7h,7s,qh,4h","kc,10c,5c,qs",8,"kc,10c,5c,qs",8,True
"7c,jc,3h,ac,6s,kh","kd","6s,kh","7c,kh","6s,kh,9d,6d","7c,kh,9d,6d","7c,jc,3h,ac",-8,"jc,3h,ac,6s",-4,False
"ad,5h,6d,10h,7h,3c","4d","ad,3c","ad,3c","ad,3c,ks,kd","ad,3c,ks,kd","5h,6d,10h,7h",14,"5h,6d,10h,7h",14,True
"5d,10d,6c,ah,4c,10h","2d","ah,10h","ah,10d","ah,10h,6h,5s","ah,10d,6h,5s","5d,10d,6c,4c",5,"5d,6c,4c,10h",5,False
"4s,3s,5h,9s,6d,5s","10c","3s,9s","3s,9s","3s,9s,2d,2s","3s,9s,2d,2s","4s,5h,6d,5s",22,"4s,5h,6d,5s",22,True
"9s,8s,qs,6c,6h,qh","10c","8s,qh","8s,qh","8s,qh,jh,8h","8s,qh,jh,8h","9s,qs,6c,6h",1,"9s,qs,6c,6h",1,False
"3h,kh,4c,10d,5h,5c","qd","3h,4c","3h,4c","3h,4c,8d,4d","3h,4c,8d,4d","kh,10d,5h,5c",20,"kh,10d,5h,5c",20,True
"as,10d,ad,5s,10c,ac","4c","10c,ac","10c,10d","10c,ac,3h,4d","10c,10d,3h,4d","as,10d,ad,5s",2,"as,ad,5s,ac",2,False
"9c,3s,8h,3c,6d,4c","kc","9c,6d","6d,9c","9c,6d,5d,5c","6d,9c,5d,5c","3s,8h,3c,4c",14,"3s,8h,3c,4c",14,True
"7d,4s,jh,8s,5c,jc","3c","4s,8s","4s,8s","4s,8s,js,5d","4s,8s,js,5d","7d,jh,5c,jc",2,"7d,jh,5c,jc",2,False
"6s,4d,2s,2c,4s,6d","jh","2s,2c","6d,6s","2s,2c,js,10h","6d,6s,js,10h","6s,4d,4s,6d",8,"4d,2s,2c,4s",8,True
"qs,10s,4s,qd,9d,ac","4h","10s,9d","9d,10s","10s,9d,2d,8d","9d,10s,2d,8d","qs,4s,qd,ac",7,"qs,4s,qd,ac",7,False
"3c,2h,4d,ac,5c,8d","7d","ac,5c","ac,5c","ac,5c,6s,9s","ac,5c,6s,9s","3c,2h,4d,8d",14,"3c,2h,4d,8d",14,True
"3c,9d,jh,kh,8c,6c","ac","kh,8c","8c,kh","kh,8c,9h,qc","8c,kh,9h,qc","3c,9d,jh,6c",2,"3c,9d,jh,6c",2,False
"kd,7c,qs,ks,10h,ad","ah","10h,ad","ad,7c","10h,ad,4d,js","ad,7c,4d,js","kd,7c,qs,ks",12,"kd,qs,ks,10h",8,True
"3s,qh,4d,kc,7s,ks","2c","4d,7s","7s,qh","4d,7s,5s,3h","7s,qh,5s,3h","3s,qh,kc,ks",2,"3s,4d,kc,ks",3,False
"8h,2c,kh,8d,10h,qc","2s","10h,qc","qc,kh","10h,qc,4h,ac","qc,kh,4h,ac","8h,2c,kh,8d",8,"8h,2c,8d,10h",8,True
"qc,kd,kh,jd,10h,ah","8d","10h,ah","ah,10h","10h,ah,jh,10c","ah,10h,jh,10c","qc,kd,kh,jd",7,"qc,kd,kh,jd",7,False
"qh,10d,jd,10s,6h,4d","5h","6h,4d","4d,6h","6h,4d,5d,ah","4d,6h,5d,ah","qh,10d,jd,10s",30,"qh,10d,jd,10s",30,True
"4d,8h,7c,6d,8s,7h","5c","4d,7h","4d,7c","4d,7h,7s,5d","4d,7c,7s,5d","8h,7c,6d,8s",10,"8h,6d,8s,7h",10,False
"8h,6c,2h,9d,3s,qs","qc","6c,9d","2h,3s","6c,9d,9s,4d","2h,3s,9s,4d","8h,2h,3s,qs",12,"8h,6c,9d,qs",11,True
"7s,3d,6d,7h,3h,4c","5h","6d,4c","4c,6d","6d,4c,2c,6c","4c,6d,2c,6c","7s,3d,7h,3h",0,"7s,3d,7h,3h",0,False
"7h,4c,9h,8d,8h,as","jh","4c,as","as,4c","4c,as,5h,4s","as,4c,5h,4s","7h,9h,8d,8h",20,"7h,9h,8d,8h",20,True
"kh,7h,5h,10d,ah,as","3d","10d,as","as,10d","10d,as,6d,ks","as,10d,6d,ks","kh,7h,5h,ah",8,"kh,7h,5h,ah",8,False
"kh,ah,5c,ad,js,10s","8d","ah,ad","ad,ah","ah,ad,ac,6c","ad,ah,ac,6c","kh,5c,js,10s",18,"kh,5c,js,10s",18,True
"4h,qh,7s,6d,6h,as","js","7s,as","7s,qh","7s,as,qd,3d","7s,qh,qd,3d","4h,qh,6d,6h",2,"4h,6d,6h,as",2,False
"3d,3s,qh,2s,8s,ks","jh","8s,ks","8s,qh","8s,ks,4c,2c","8s,qh,4c,2c","3d,3s,qh,2s",10,"3d,3s,2s,ks",10,True
"5c,2h,jh,9s,ad,8c","5s","9s,ad","ad,9s","9s,ad,2d,kd","ad,9s,2d,kd","5c,2h,jh,8c",6,"5c,2h,jh,8c",6,False
"10h,qs,3s,9c,6d,2h","4s","9c,6d","6d,9c","9c,6d,7c,4d","6d,9c,7c,4d","10h,qs,3s,2h",13,"10h,qs,3s,2h",13,True
"2c,jd,9d,10c,7c,2h","qs","7c,2h","2h,7c","7c,2h,qh,7h","2h,7c,qh,7h","2c,jd,9d,10c",0,"2c,jd,9d,10c",0,False
"jh,10s,ks,ac,9c,6h","qs","ks,ac","ac,ks","ks,ac,5c,jc","ac,ks,5c,jc","jh,10s,9c,6h",15,"jh,10s,9c,6h",15,True
"ad,10s,8h,10h,js,9h","kh","ad,js","ad,8h","ad,js,ah,ks","ad,8h,ah,ks","10s,8h,10h,9h",4,"10s,10h,js,9h",4,False
"3s,8h,7h,qh,2h,6c","4d","3s,qh","2h,3s","3s,qh,6s,5s","2h,3s,6s,5s","8h,7h,2h,6c",15,"8h,7h,qh,6c",14,True
"9d,3h,8h,4c,2d,9c","8s","3h,8h","3h,8h","3h,8h,ad,9s","3h,8h,ad,9s","9d,4c,2d,9c",4,"9d,4c,2d,9c",4,False
"10d,9d,5d,6s,5c,6h","3d","6s,6h","5c,5d","6s,6h,as,js","5c,5d,as,js","10d,9d,5d,5c",10,"10d,9d,6s,6h",14,True
"4s,kh,qs,js,jc,4d","6c","4s,4d","4d,4s","4s,4d,9h,7h","4d,4s,9h,7h","kh,qs,js,jc",3,"kh,qs,js,jc",3,False
"4s,10h,7s,5c,3h,7d","6c","7s,7d","7d,7s","7s,7d,6h,ad","7d,7s,6h,ad","4s,10h,5c,3h",14,"4s,10h,5c,3h",14,True
"4c,2s,7d,4s,10d,9s","6d","7d,10d","7d,10d","7d,10d,jd,8c","7d,10d,jd,8c","4c,2s,4s,9s",2,"4c,2s,4s,9s",2,False
"8d,3c,7h,7c,8h,10s","6d","3c,10s","3c,10s","3c,10s,2s,kh","3c,10s,2s,kh","8d,7h,7c,8h",28,"8d,7h,7c,8h",28,True
"5d,10h,10d,kh,7h,5c","qh","kh,7h","7h,kh","kh,7h,qd,ks","7h,kh,qd,ks","5d,10h,10d,5c",12,"5d,10h,10d,5c",12,False
"2s,jc,3d,3h,qh,3s","jh","qh,3s","jc,qh","qh,3s,5c,6d","jc,qh,5c,6d","2s,jc,3d,3h",16,"2s,3d,3h,3s",20,True
"ad,10s,8s,js,2h,3d","ac","8s,js","8s,js","8s,js,qc,9h","8s,js,qc,9h","ad,10s,2h,3d",12,"ad,10s,2h,3d",12,False
"7s,ks,jc,5h,ac,3s","2d","ac,3s","ac,3s","ac,3s,as,4s","ac,3s,as,4s","7s,ks,jc,5h",14,"7s,ks,jc,5h",14,True
"4h,ks,jh,js,6s,7c","6c","6s,7c","7c,ks","6s,7c,kd,qd","7c,ks,kd,qd","4h,ks,jh,js",0,"4h,jh,js,6s",2,False
"qh,jc,qd,6h,qc,kc","4c","6h,qc","6h,qh","6h,qc,7c,2h","6h,qh,7c,2h","qh,jc,qd,kc",11,"jc,qd,qc,kc",11,True
"9s,3c,9d,qs,5c,kc","3h","3c,kc","3c,kc","3c,kc,4h,9h","3c,kc,4h,9h","9s,9d,qs,5c",0,"9s,9d,qs,5c",0,False
"10s,8d,6d,5h,9c,jc","6h","5h,jc","6d,8d","5h,jc,as,7h","6d,8d,as,7h","10s,8d,6d,9c",14,"10s,5h,9c,jc",23,True
"2c,10c,qs,3s,7c,10d","4s","qs,7c","7c,qs","qs,7c,ks,7h","7c,qs,ks,7h","2c,10c,3s,10d",7,"2c,10c,3s,10d",7,False
"4c,ah,7h,9c,6c,4h","10c","9c,6c","6c,9c","9c,6c,7c,6h","6c,9c,7c,6h","4c,ah,7h,4h",14,"4c,ah,7h,4h",14,True
"5s,7h,jc,10s,5h,jh","10h","7h,10s","7h,10s","7h,10s,kd,8h","7h,10s,kd,8h","5s,jc,5h,jh",13,"5s,jc,5h,jh",13,False
"jc,3s,8c,8h,10d,2d","ks","8c,8h","8c,8h","8c,8h,5c,qd","8c,8h,5c,qd","jc,3s,10d,2d",12,"jc,3s,10d,2d",12,True
"kh,2h,8c,4d,ac,3h","qs","8c,ac","ac,kh","8c,ac,6c,10d","ac,kh,6c,10d","kh,2h,4d,3h",5,"2h,8c,4d,3h",7,False
"10d,ad,jd,10c,4h,7h","10s","jd,7h","7h,jd","jd,7h,5h,2s","7h,jd,5h,2s","10d,ad,10c,4h",16,"10d,ad,10c,4h",16,True
"jd,7h,7d,8c,8h,7c","2s","jd,7c","7h,jd","jd,7c,9d,6d","7h,jd,9d,6d","7h,7d,8c,8h",8,"7d,8c,8h,7c",8,False
"3h,as,5c,6h,6s,7s","4d","3h,as","as,3h","3h,as,qh,ac","as,3h,qh,ac","5c,6h,6s,7s",22,"5c,6h,6s,7s",22,True
"qc,3c,6h,jd,7h,2d","5h","6h,7h","6h,7h","6h,7h,ks,ad","6h,7h,ks,ad","qc,3c,jd,2d",3,"qc,3c,jd,2d",3,False
"8d,9c,jh,jc,qd,qs","7h","qd,qs","8d,9c","qd,qs,7c,jd","8d,9c,7c,jd","8d,9c,jh,jc",12,"jh,jc,qd,qs",17,True
"8h,8s,5h,7s,jc,ks","2h","jc,ks","jc,ks","jc,ks,2d,4c","jc,ks,2d,4c","8h,8s,5h,7s",8,"8h,8s,5h,7s",8,False
"qc,5c,4s,3c,5h,7s","3h","qc,7s","7s,qc","qc,7s,jd,10c","7s,qc,jd,10c","5c,4s,3c,5h",23,"5c,4s,3c,5h",23,True
"ad,qh,2s,kc,js,10s","jh","ad,2s","ad,2s","ad,2s,2d,7h","ad,2s,2d,7h","qh,kc,js,10s",6,"qh,kc,js,10s",6,False
"2h,jc,5c,ac,kd,3h","10d","5c,kd","5c,jc","5c,kd,ad,5d","5c,jc,ad,5d","2h,jc,ac,3h",17,"2h,ac,kd,3h",17,True
"7c,8d,jd,9d,ks,qh","5c","ks,qh","qh,ks","ks,qh,10h,4h","qh,ks,10h,4h","7c,8d,jd,9d",1,"7c,8d,jd,9d",1,False
"2c,qc,10d,2d,6h,6s","4c","6h,6s","6h,6s","6h,6s,qd,7h","6h,6s,qd,7h","2c,qc,10d,2d",4,"2c,qc,10d,2d",4,True
"8h,10c,qh,4s,3c,3h","2d","10c,qh","10c,qh","10c,qh,7s,9s","10c,qh,7s,9s","8h,4s,3c,3h",12,"8h,4s,3c,3h",12,False
"kd,4c,qd,ac,jd,10s","2c","jd,10s","ac,4c","jd,10s,ad,6c","ac,4c,ad,6c","kd,4c,qd,ac",4,"kd,qd,jd,10s",6,True
"5c,5d,qc,ah,qd,8d","kh","ah,8d","ah,8d","ah,8d,3s,6c","ah,8d,3s,6c","5c,5d,qc,qd",14,"5c,5d,qc,qd",14,False
"ah,8h,qs,4s,3h,9s","kd","3h,9s","8h,9s","3h,9s,qd,4c","8h,9s,qd,4c","ah,8h,qs,4s",4,"ah,qs,4s,3h",4,True
"7s,3d,9d,5c,10s,4c","6h","9d,10s","7s,9d","9d,10s,7c,10d","7s,9d,7c,10d","7s,3d,5c,4c",5,"3d,5c,10s,4c",4,False
"qc,2h,qd,10d,9d,4h","3c","qc,qd","qc,qd","qc,qd,9s,3s","qc,qd,9s,3s","2h,10d,9d,4h",13,"2h,10d,9d,4h",13,True
"3h,6h,8d,qd,8s,9c","2h","3h,qd","3h,qd","3h,qd,jh,qs","3h,qd,jh,qs","6h,8d,8s,9c",-5,"6h,8d,8s,9c",-5,False
"jc,6s,4s,10s,7s,7d","10c","jc,7d","10s,jc","jc,7d,8s,ad","10s,jc,8s,ad","6s,4s,10s,7s",9,"6s,4s,7s,7d",5,True
"ad,jc,3c,4c,5s,qd","jh","ad,qd","ad,qd","ad,qd,10s,6h","ad,qd,10s,6h","jc,3c,4c,5s",6,"jc,3c,4c,5s",6,False
"kh,jc,5d,10h,kc,ah","3h","10h,ah","ah,10h","10h,ah,4s,4d","ah,10h,4s,4d","kh,jc,5d,kc",14,"kh,jc,5d,kc",14,True
"6h,4c,kd,6c,5d,jd","7h","kd,jd","jd,kd","kd,jd,ac,qd","jd,kd,ac,qd","6h,4c,6c,5d",11,"6h,4c,6c,5d",11,False
"6h,kc,2d,qh,ah,5h","qc","kc,2d","2d,kc","kc,2d,ad,10c","2d,kc,ad,10c","6h,qh,ah,5h",10,"6h,qh,ah,5h",10,True
"4s,8s,9c,7s,6d,7d","3c","4s,6d","4s,9c","4s,6d,6c,as","4s,9c,6c,as","8s,9c,7s,7d",8,"8s,7s,6d,7d",10,False
"3d,ah,10h,6s,6d,4d","7c","6s,6d","6d,6s","6s,6d,9d,js","6d,6s,9d,js","3d,ah,10h,4d",10,"3d,ah,10h,4d",10,True
"3d,kd,5c,2s,3h,4h","7c","kd,2s","2s,kd","kd,2s,9s,8c","2s,kd,9s,8c","3d,5c,3h,4h",9,"3d,5c,3h,4h",9,False
"7c,7h,5h,4s,2c,3s","3h","4s,2c","7c,7h","4s,2c,as,8h","7c,7h,as,8h","7c,7h,5h,3s",20,"5h,4s,2c,3s",20,True
"kh,3c,5c,6c,7s,ah","4d","3c,ah","ah,kh","3c,ah,2h,7d","ah,kh,2h,7d","kh,5c,6c,7s",2,"3c,5c,6c,7s",7,False
"5s,kh,js,2d,8d,9h","5h","8d,9h","8d,9h","8d,9h,ad,10s","8d,9h,ad,10s","5s,kh,js,2d",17,"5s,kh,js,2d",17,True
"ks,kc,8c,as,9s,6c","8d","8c,as","kc,ks","8c,as,5h,kd","kc,ks,5h,kd","ks,kc,9s,6c",0,"8c,as,9s,6c",-4,False
"5h,4h,8d,3s,8h,6h","jd","8d,3s","3s,8d","8d,3s,ah,7c","3s,8d,ah,7c","5h,4h,8h,6h",13,"5h,4h,8h,6h",13,True
"3d,6c,10c,2d,qh,9h","10s","qh,9h","6c,qh","qh,9h,ac,2c","6c,qh,ac,2c","3d,6c,10c,2d",6,"3d,10c,2d,9h",6,False
"ad,5h,qh,2s,6d,4d","9c","ad,2s","ad,2s","ad,2s,7h,qs","ad,2s,7h,qs","5h,qh,6d,4d",9,"5h,qh,6d,4d",9,True
"as,kc,8c,9d,7h,4h","8s","kc,4h","as,kc","kc,4h,10s,qc","as,kc,10s,qc","as,8c,9d,7h",12,"8c,9d,7h,4h",12,False
"kh,4s,ad,10c,4d,6s","5h","10c,6s","6s,10c","10c,6s,ks,3h","6s,10c,ks,3h","kh,4s,ad,4d",12,"kh,4s,ad,4d",12,True
"kc,jd,5h,2s,6d,3h","9d","6d,3h","6d,kc","6d,3h,qc,2h","6d,kc,qc,2h","kc,jd,5h,2s",1,"jd,5h,2s,3h",3,False
"5h,7h,7c,4d,4h,5s","2h","5h,5s","5h,5s","5h,5s,2c,7s","5h,5s,2c,7s","7h,7c,4d,4h",12,"7h,7c,4d,4h",12,True
"9d,2c,qc,8d,2d,10c","7h","qc,2d","2d,qc","qc,2d,10h,6c","2d,qc,10h,6c","9d,2c,8d,10c",4,"9d,2c,8d,10c",4,False
"5h,6s,3s,qd,5s,5c","7c","6s,3s","3s,6s","6s,3s,2c,jh","3s,6s,2c,jh","5h,qd,5s,5c",18,"5h,qd,5s,5c",18,True
"9c,qc,7h,as,9h,5c","2s","qc,7h","7h,qc","qc,7h,js,8h","7h,qc,js,8h","9c,as,9h,5c",3,"9c,as,9h,5c",3,False
"6d,ah,kh,kd,7d,qd","8c","ah,kh","ah,kh","ah,kh,4c,as","ah,kh,4c,as","6d,kd,7d,qd",15,"6d,kd,7d,qd",15,True
"9s,ah,8d,qd,jd,2c","jh","jd,2c","8d,qd","jd,2c,qc,5h","8d,qd,qc,5h","9s,ah,8d,qd",-8,"9s,ah,jd,2c",-6,False
"3s,2s,kc,ad,8s,7c","3h","8s,7c","7c,8s","8s,7c,10d,9s","7c,8s,10d,9s","3s,2s,kc,ad",18,"3s,2s,kc,ad",18,True
"6s,6h,2h,qh,kh,8s","4h","6s,8s","6s,8s","6s,8s,ac,9c","6s,8s,ac,9c","6h,2h,qh,kh",1,"6h,2h,qh,kh",1,False
"9d,jc,3h,qh,as,5h","5d","3h,as","as,3h","3h,as,10d,5c","as,3h,10d,5c","9d,jc,qh,5h",16,"9d,jc,qh,5h",16,True
"qh,qd,5h,4c,8h,5d","jc","4c,8h","4c,8h","4c,8h,10d,9d","4c,8h,10d,9d","qh,qd,5h,5d",12,"qh,qd,5h,5d",12,False
"6d,3h,9s,2s,5d,6s","qd","2s,5d","2s,3h","2s,5d,ad,3s","2s,3h,ad,3s","6d,3h,9s,6s",15,"6d,9s,5d,6s",20,True
"7s,4d,4h,10h,kh,2c","10d","kh,2c","10h,kh","kh,2c,5d,js","10h,kh,5d,js","7s,4d,4h,10h",0,"7s,4d,4h,2c",-6,False
"7h,ac,qd,4d,8s,6d","jc","qd,4d","4d,qd","qd,4d,as,kd","4d,qd,as,kd","7h,ac,8s,6d",16,"7h,ac,8s,6d",16,True
"qs,4d,3d,7s,10h,ks","ah","10h,ks","10h,ks","10h,ks,8d,8h","10h,ks,8d,8h","qs,4d,3d,7s",2,"qs,4d,3d,7s",2,False
"2c,kc,3d,3s,kh,4s","10h","kc,kh","kc,kh","kc,kh,10d,ac","kc,kh,10d,ac","2c,3d,3s,4s",16,"2c,3d,3s,4s",16,True
"9s,4h,6c,5d,2s,qh","ad","2s,qh","2s,qh","2s,qh,qd,7c","2s,qh,qd,7c","9s,4h,6c,5d",7,"9s,4h,6c,5d",7,False
"as,7h,kh,6c,kd,qd","10s","6c,qd","6c,7h","6c,qd,6h,qs","6c,7h,6h,qs","as,7h,kh,kd",6,"as,kh,kd,qd",4,True
"10d,ah,10s,ac,3c,2s","js","10d,10s","10d,10s","10d,10s,10h,9c","10d,10s,10h,9c","ah,ac,3c,2s",-3,"ah,ac,3c,2s",-3,False
"10d,7c,3d,kc,10c,qs","3s","kc,qs","3d,7c","kc,qs,jc,9d","3d,7c,jc,9d","10d,7c,3d,10c",7,"10d,kc,10c,qs",6,True
"ah,8c,2s,9c,9d,7s","kc","ah,2s","ah,2s","ah,2s,2d,qh","ah,2s,2d,qh","8c,9c,9d,7s",4,"8c,9c,9d,7s",4,False
"6d,8d,ah,js,10s,10h","jh","10s,10h","6d,8d","10s,10h,7h,9d","6d,8d,7h,9d","6d,8d,ah,js",12,"ah,js,10s,10h",12,True
"4h,9h,qs,8s,5d,8d","3d","4h,9h","4h,9h","4h,9h,4s,kc","4h,9h,4s,kc","qs,8s,5d,8d",2,"qs,8s,5d,8d",2,False
"2d,ks,4d,2c,8h,as","10h","4d,8h","4d,8h","4d,8h,2h,10d","4d,8h,2h,10d","2d,ks,2c,as",8,"2d,ks,2c,as",8,True
"9d,3h,7d,6d,7c,ad","kd","3h,7c","3h,7c","3h,7c,4s,2d","3h,7c,4s,2d","9d,7d,6d,ad",2,"9d,7d,6d,ad",2,False
"10c,5d,9c,6h,9h,5h","6d","6h,9h","5d,5h","6h,9h,8d,4d","5d,5h,8d,4d","10c,5d,9c,5h",14,"10c,9c,6h,9h",24,True
"10c,10d,kd,6c,9s,8c","3h","kd,6c","6c,kd","kd,6c,8s,6d","6c,kd,8s,6d","10c,10d,9s,8c",4,"10c,10d,9s,8c",4,False
"5s,7h,4s,jd,7s,9d","ks","4s,9d","4s,5s","4s,9d,3h,6h","4s,5s,3h,6h","5s,7h,jd,7s",8,"7h,jd,7s,9d",10,True
"10c,kh,kd,kc,5d,ad","7d","10c,ad","ad,10c","10c,ad,js,jc","ad,10c,js,jc","kh,kd,kc,5d",10,"kh,kd,kc,5d",10,False
"9h,4h,kd,ac,8d,4s","6s","9h,8d","8d,9h","9h,8d,9s,8s","8d,9h,9s,8s","4h,kd,ac,4s",16,"4h,kd,ac,4s",16,True
"8c,qh,7d,7s,2c,4h","10d","2c,4h","2c,qh","2c,4h,kh,9s","2c,qh,kh,9s","8c,qh,7d,7s",4,"8c,7d,7s,4h",6,False
"8d,2h,qd,as,qh,10d","2c","as,10d","8d,10d","as,10d,7s,3d","8d,10d,7s,3d","8d,2h,qd,qh",9,"2h,qd,as,qh",12,True
"jc,7s,jh,7d,4h,4s","10d","jc,jh","jc,jh","jc,jh,3h,9c","jc,jh,3h,9c","7s,7d,4h,4s",0,"7s,7d,4h,4s",0,False
"5s,8d,9c,jh,10s,5c","kd","8d,9c","8d,9c","8d,9c,2h,js","8d,9c,2h,js","5s,jh,10s,5c",14,"5s,jh,10s,5c",14,True
"3c,js,7h,3h,8s,8h","qc","js,3h","3c,js","js,3h,3d,2s","3c,js,3d,2s","3c,7h,8s,8h",-4,"7h,3h,8s,8h",-4,False
"6d,8s,9h,7c,3h,10d","7s","3h,10d","3h,10d","3h,10d,8h,2d","3h,10d,8h,2d","6d,8s,9h,7c",20,"6d,8s,9h,7c",20,True
"jd,3d,kc,5s,8d,ac","kd","8d,ac","ac,8d","8d,ac,6c,5d","ac,8d,6c,5d","jd,3d,kc,5s",5,"jd,3d,kc,5s",5,False
"7c,ad,4d,as,7d,jd","2d","4d,jd","7c,7d","4d,jd,4s,5h","7c,7d,4s,5h","7c,ad,as,7d",15,"ad,4d,as,jd",9,True
"4c,5h,8h,ad,qs,8s","kh","4c,ad","8h,8s","4c,ad,9s,10d","8h,8s,9s,10d","5h,8h,qs,8s",2,"4c,5h,ad,qs",0,False
"4c,ah,ac,8c,5c,7c","10h","ah,ac","ac,ah","ah,ac,9c,kc","ac,ah,9c,kc","4c,8c,5c,7c",10,"4c,8c,5c,7c",10,True
"kc,9s,10d,2d,jh,9d","6h","kc,2d","2d,kc","kc,2d,4h,6c","2d,kc,4h,6c","9s,10d,jh,9d",11,"9s,10d,jh,9d",11,False
"qd,ah,5h,9s,8d,qc","ac","9s,8d","8d,9s","9s,8d,jc,js","8d,9s,jc,js","qd,ah,5h,qc",11,"qd,ah,5h,qc",11,True
"4s,8c,kh,8h,2h,2c","3c","4s,kh","4s,kh","4s,kh,10c,ad","4s,kh,10c,ad","8c,8h,2h,2c",4,"8c,8h,2h,2c",4,False
"jd,8d,jh,5s,6c,4d","10h","8d,jh","jd,jh","8d,jh,7s,qs","jd,jh,7s,qs","jd,5s,6c,4d",15,"8d,5s,6c,4d",16,True
"3h,as,8c,5s,4d,7h","js","as,7h","as,8c","as,7h,10h,5h","as,8c,10h,5h","3h,8c,5s,4d",3,"3h,5s,4d,7h",3,False
"3h,9s,7c,ac,ks,10d","5s","ks,10d","9s,10d","ks,10d,2s,7d","9s,10d,2s,7d","3h,9s,7c,ac",8,"3h,7c,ac,ks",6,True
"5s,7h,7d,7c,5c,10d","4d","5c,10d","7h,10d","5c,10d,ks,5h","7h,10d,ks,5h","5s,7h,7d,7c",-4,"5s,7d,7c,5c",0,False
"8d,9c,2d,ah,as,9h","jh","ah,as","ah,as","ah,as,8c,7h","ah,as,8c,7h","8d,9c,2d,9h",6,"8d,9c,2d,9h",6,True
"7h,2h,7d,2c,3s,5s","7s","3s,5s","2c,2h","3s,5s,2s,8h","2c,2h,2s,8h","7h,2h,7d,2c",2,"7h,7d,3s,5s",4,False
"ac,kc,10c,as,10s,9h","js","10c,10s","ac,as","10c,10s,5d,7c","ac,as,5d,7c","ac,kc,as,9h",10,"kc,10c,10s,9h",12,True
"ad,6s,4s,qh,kh,7h","5d","6s,7h","7h,kh","6s,7h,ks,2s","7h,kh,ks,2s","ad,4s,qh,kh",1,"ad,6s,4s,qh",3,False
"3s,ac,as,ad,10c,qs","ah","10c,qs","10c,qs","10c,qs,8h,jc","10c,qs,8h,jc","3s,ac,as,ad",15,"3s,ac,as,ad",15,True
"6s,5s,3s,2s,10d,9d","7d","10d,9d","9d,10d","10d,9d,2d,9c","9d,10d,2d,9c","6s,5s,3s,2s",9,"6s,5s,3s,2s",9,False
"7s,8d,8c,ad,ac,4c","2s","ad,ac","ac,4c","ad,ac,5h,7c","ac,4c,5h,7c","7s,8d,8c,4c",12,"7s,8d,8c,ad",8,True
"jc,qc,5s,7d,10h,10c","kc","7d,10c","7d,10h","7d,10c,3s,4d","7d,10h,3s,4d","jc,qc,5s,10h",13,"jc,qc,5s,10c",13,False
"6d,ad,qs,2c,kd,7s","8c","qs,kd","qs,kd","qs,kd,9d,4s","qs,kd,9d,4s","6d,ad,2c,7s",9,"6d,ad,2c,7s",9,True
"4c,10d,3c,as,kh,6s","5d","3c,6s","3c,6s","3c,6s,8d,6h","3c,6s,8d,6h","4c,10d,as,kh",4,"4c,10d,as,kh",4,False
"kd,ac,7c,9d,4d,3h","6d","9d,3h","7c,9d","9d,3h,ah,10s","7c,9d,ah,10s","kd,ac,7c,4d",4,"kd,ac,4d,3h",4,True
"6h,5d,10h,kh,as,2s","2c","as,2s","as,2s","as,2s,6c,3s","as,2s,6c,3s","6h,5d,10h,kh",-4,"6h,5d,10h,kh",-4,False
